FSM 1
FSM 2
FSM 3
FSM 4
FSM 5
FSM 6
FSM 7
FSM 8
FSM 9
FSM 10
FSM 11
FSM 12
FSM 13
FSM 14
FSM 15
FSM 16
FSM 17
FSM 18
FSM 19
FSM 20
FSM 21
FSM 22
FSM 23
FSM 24
FSM 25
FSM 26
FSM 27
FSM 28
FSM 29
FSM 30
FSM 31
FSM 32
FSM 33
FSM 34
FSM 35
FSM 36
FSM 37
FSM 38
FSM 39
FSM 40
FSM 41
FSM 42
FSM 43
FSM 44
FSM 45
FSM 46
FSM 47
FSM 48
FSM 49
FSM 50
FSM 51
FSM 52
FSM 53
FSM 54
FSM 55
FSM 56
FSM 57
FSM 58
FSM 59
FSM 60
FSM 61
FSM 62
FSM 63
FSM 64
FSM 65
FSM 66
FSM 67
FSM 68
FSM 69
FSM 70
FSM 71
FSM 72
FSM 73
FSM 74
FSM 75
FSM 76
FSM 77
FSM 78
FSM 79
FSM 80
FSM 81
FSM 82
FSM 83
FSM 84
FSM 85
FSM 86
FSM 87
FSM 88
FSM 89
FSM 90
FSM 91
FSM 92
FSM 93
FSM 94
FSM 95
FSM 96
FSM 97
FSM 98
FSM 99
FSM 100
FSM 101
FSM 102
FSM 103
FSM 104
FSM 105
FSM 106
FSM 107
FSM 108
FSM 109
FSM 110
FSM 111
FSM 112
FSM 113
FSM 114
FSM 115
FSM 116
FSM 117
FSM 118
FSM 119
FSM 120
FSM 121
FSM 122
FSM 123
FSM 124
FSM 125
FSM 126
FSM 127
FSM 128
FSM 129
FSM 130
FSM 131
FSM 132
FSM 133
FSM 134
FSM 135
FSM 136
FSM 137
FSM 138
FSM 139
FSM 140
FSM 141
FSM 142
FSM 143
FSM 144
FSM 145
FSM 146
FSM 147
FSM 148
FSM 149
FSM 150
FSM 151
FSM 152
FSM 153
FSM 154
FSM 155
FSM 156
FSM 157
FSM 158
FSM 159
FSM 160
FSM 161
FSM 162
FSM 163
FSM 164
FSM 165
FSM 166
FSM 167
FSM 168
FSM 169
FSM 170
FSM 171
FSM 172
FSM 173
FSM 174
FSM 175
FSM 176
FSM 177
FSM 178
FSM 179
FSM 180
FSM 181
FSM 182
FSM 183
FSM 184
FSM 185
FSM 186
FSM 187
FSM 188
FSM 189
FSM 190
FSM 191
FSM 192
FSM 193
FSM 194
FSM 195
FSM 196
FSM 197
FSM 198
FSM 199
FSM 200
FSM 201
FSM 202
FSM 203
FSM 204
FSM 205
FSM 206
FSM 207
FSM 208
FSM 209
FSM 210
FSM 211
FSM 212
FSM 213
FSM 214
FSM 215
FSM 216
FSM 217
FSM 218
FSM 219
FSM 220
FSM 221
FSM 222
FSM 223
FSM 224
FSM 225
FSM 226
FSM 227
FSM 228
FSM 229
FSM 230
FSM 231
FSM 232
FSM 233
FSM 234
FSM 235
FSM 236
FSM 237
FSM 238
FSM 239
FSM 240
FSM 241
FSM 242
FSM 243
FSM 244
FSM 245
FSM 246
FSM 247
FSM 248
FSM 249
FSM 250
FSM 251
FSM 252
FSM 253
FSM 254
FSM 255
FSM 256
FSM 257
FSM 258
FSM 259
FSM 260
FSM 261
FSM 262
FSM 263
FSM 264
FSM 265
FSM 266
FSM 267
FSM 268
FSM 269
FSM 270
FSM 271
FSM 272
FSM 273
FSM 274
FSM 275
FSM 276
FSM 277
FSM 278
FSM 279
FSM 280
FSM 281
FSM 282
FSM 283
FSM 284
FSM 285
FSM 286
FSM 287
FSM 288
FSM 289
FSM 290
FSM 291
FSM 292
FSM 293
FSM 294
FSM 295
FSM 296
FSM 297
FSM 298
FSM 299
FSM 300
FSM 301
FSM 302
FSM 303
FSM 304
FSM 305
FSM 306
FSM 307
FSM 308
FSM 309
FSM 310
FSM 311
FSM 312
FSM 313
FSM 314
FSM 315
FSM 316
FSM 317
FSM 318
FSM 319
FSM 320
FSM 321
FSM 322
FSM 323
FSM 324
FSM 325
FSM 326
FSM 327
FSM 328
FSM 329
FSM 330
FSM 331
FSM 332
FSM 333
FSM 334
FSM 335
FSM 336
FSM 337
FSM 338
FSM 339
FSM 340
FSM 341
FSM 342
FSM 343
FSM 344
FSM 345
FSM 346
FSM 347
FSM 348
FSM 349
FSM 350
FSM 351
FSM 352
FSM 353
FSM 354
FSM 355
FSM 356
FSM 357
FSM 358
FSM 359
FSM 360
FSM 361
FSM 362
FSM 363
FSM 364
FSM 365
FSM 366
FSM 367
FSM 368
FSM 369
FSM 370
FSM 371
FSM 372
FSM 373
FSM 374
FSM 375
FSM 376
FSM 377
FSM 378
FSM 379
FSM 380
FSM 381
FSM 382
FSM 383
FSM 384
FSM 385
FSM 386
FSM 387
FSM 388
FSM 389
FSM 390
FSM 391
FSM 392
FSM 393
FSM 394
FSM 395
FSM 396
FSM 397
FSM 398
FSM 399
FSM 400
FSM 401
FSM 402
FSM 403
FSM 404
FSM 405
FSM 406
FSM 407
FSM 408
FSM 409
FSM 410
FSM 411
FSM 412
FSM 413
FSM 414
FSM 415
FSM 416
FSM 417
FSM 418
FSM 419
FSM 420
FSM 421
FSM 422
FSM 423
FSM 424
FSM 425
FSM 426
FSM 427
FSM 428
FSM 429
FSM 430
FSM 431
FSM 432
FSM 433
FSM 434
FSM 435
FSM 436
FSM 437
FSM 438
FSM 439
FSM 440
FSM 441
FSM 442
FSM 443
FSM 444
FSM 445
FSM 446
FSM 447
FSM 448
FSM 449
FSM 450
FSM 451
FSM 452
FSM 453
FSM 454
FSM 455
FSM 456
FSM 457
FSM 458
FSM 459
FSM 460
FSM 461
FSM 462
FSM 463
FSM 464
FSM 465
FSM 466
FSM 467
FSM 468
FSM 469
FSM 470
FSM 471
FSM 472
FSM 473
FSM 474
FSM 475
FSM 476
FSM 477
FSM 478
FSM 479
FSM 480
FSM 481
FSM 482
FSM 483
FSM 484
FSM 485
FSM 486
FSM 487
FSM 488
FSM 489
FSM 490
FSM 491
FSM 492
FSM 493
FSM 494
FSM 495
FSM 496
FSM 497
FSM 498
FSM 499
FSM 500
test 1
FSM 1
FSM 2
FSM 3
FSM 4
FSM 5
FSM 6
FSM 7
FSM 8
FSM 9
FSM 10
FSM 11
FSM 12
FSM 13
FSM 14
FSM 15
FSM 16
FSM 17
FSM 18
FSM 19
FSM 20
FSM 21
FSM 22
FSM 23
FSM 24
FSM 25
FSM 26
FSM 27
FSM 28
FSM 29
FSM 30
FSM 31
FSM 32
FSM 33
FSM 34
FSM 35
FSM 36
FSM 37
FSM 38
FSM 39
FSM 40
FSM 41
FSM 42
FSM 43
FSM 44
FSM 45
FSM 46
FSM 47
FSM 48
FSM 49
FSM 50
FSM 51
FSM 52
FSM 53
FSM 54
FSM 55
FSM 56
FSM 57
FSM 58
FSM 59
FSM 60
FSM 61
FSM 62
FSM 63
FSM 64
FSM 65
FSM 66
FSM 67
FSM 68
FSM 69
FSM 70
FSM 71
FSM 72
FSM 73
FSM 74
FSM 75
FSM 76
FSM 77
FSM 78
FSM 79
FSM 80
FSM 81
FSM 82
FSM 83
FSM 84
FSM 85
FSM 86
FSM 87
FSM 88
FSM 89
FSM 90
FSM 91
FSM 92
FSM 93
FSM 94
FSM 95
FSM 96
FSM 97
FSM 98
FSM 99
FSM 100
FSM 101
FSM 102
FSM 103
FSM 104
FSM 105
FSM 106
FSM 107
FSM 108
FSM 109
FSM 110
FSM 111
FSM 112
FSM 113
FSM 114
FSM 115
FSM 116
FSM 117
FSM 118
FSM 119
FSM 120
FSM 121
FSM 122
FSM 123
FSM 124
FSM 125
FSM 126
FSM 127
FSM 128
FSM 129
FSM 130
FSM 131
FSM 132
FSM 133
FSM 134
FSM 135
FSM 136
FSM 137
FSM 138
FSM 139
FSM 140
FSM 141
FSM 142
FSM 143
FSM 144
FSM 145
FSM 146
FSM 147
FSM 148
FSM 149
FSM 150
FSM 151
FSM 152
FSM 153
FSM 154
FSM 155
FSM 156
FSM 157
FSM 158
FSM 159
FSM 160
FSM 161
FSM 162
FSM 163
FSM 164
FSM 165
FSM 166
FSM 167
FSM 168
FSM 169
FSM 170
FSM 171
FSM 172
FSM 173
FSM 174
FSM 175
FSM 176
FSM 177
FSM 178
FSM 179
FSM 180
FSM 181
FSM 182
FSM 183
FSM 184
FSM 185
FSM 186
FSM 187
FSM 188
FSM 189
FSM 190
FSM 191
FSM 192
FSM 193
FSM 194
FSM 195
FSM 196
FSM 197
FSM 198
FSM 199
FSM 200
FSM 201
FSM 202
FSM 203
FSM 204
FSM 205
FSM 206
FSM 207
FSM 208
FSM 209
FSM 210
FSM 211
FSM 212
FSM 213
FSM 214
FSM 215
FSM 216
FSM 217
FSM 218
FSM 219
FSM 220
FSM 221
FSM 222
FSM 223
FSM 224
FSM 225
FSM 226
FSM 227
FSM 228
FSM 229
FSM 230
FSM 231
FSM 232
FSM 233
FSM 234
FSM 235
FSM 236
FSM 237
FSM 238
FSM 239
FSM 240
FSM 241
FSM 242
FSM 243
FSM 244
FSM 245
FSM 246
FSM 247
FSM 248
FSM 249
FSM 250
FSM 251
FSM 252
FSM 253
FSM 254
FSM 255
FSM 256
FSM 257
FSM 258
FSM 259
FSM 260
FSM 261
FSM 262
FSM 263
FSM 264
FSM 265
FSM 266
FSM 267
FSM 268
FSM 269
FSM 270
FSM 271
FSM 272
FSM 273
FSM 274
FSM 275
FSM 276
FSM 277
FSM 278
FSM 279
FSM 280
FSM 281
FSM 282
FSM 283
FSM 284
FSM 285
FSM 286
FSM 287
FSM 288
FSM 289
FSM 290
FSM 291
FSM 292
FSM 293
FSM 294
FSM 295
FSM 296
FSM 297
FSM 298
FSM 299
FSM 300
FSM 301
FSM 302
FSM 303
FSM 304
FSM 305
FSM 306
FSM 307
FSM 308
FSM 309
FSM 310
FSM 311
FSM 312
FSM 313
FSM 314
FSM 315
FSM 316
FSM 317
FSM 318
FSM 319
FSM 320
FSM 321
FSM 322
FSM 323
FSM 324
FSM 325
FSM 326
FSM 327
FSM 328
FSM 329
FSM 330
FSM 331
FSM 332
FSM 333
FSM 334
FSM 335
FSM 336
FSM 337
FSM 338
FSM 339
FSM 340
FSM 341
FSM 342
FSM 343
FSM 344
FSM 345
FSM 346
FSM 347
FSM 348
FSM 349
FSM 350
FSM 351
FSM 352
FSM 353
FSM 354
FSM 355
FSM 356
FSM 357
FSM 358
FSM 359
FSM 360
FSM 361
FSM 362
FSM 363
FSM 364
FSM 365
FSM 366
FSM 367
FSM 368
FSM 369
FSM 370
FSM 371
FSM 372
FSM 373
FSM 374
FSM 375
FSM 376
FSM 377
FSM 378
FSM 379
FSM 380
FSM 381
FSM 382
FSM 383
FSM 384
FSM 385
FSM 386
FSM 387
FSM 388
FSM 389
FSM 390
FSM 391
FSM 392
FSM 393
FSM 394
FSM 395
FSM 396
FSM 397
FSM 398
FSM 399
FSM 400
FSM 401
FSM 402
FSM 403
FSM 404
FSM 405
FSM 406
FSM 407
FSM 408
FSM 409
FSM 410
FSM 411
FSM 412
FSM 413
FSM 414
FSM 415
FSM 416
FSM 417
FSM 418
FSM 419
FSM 420
FSM 421
FSM 422
FSM 423
FSM 424
FSM 425
FSM 426
FSM 427
FSM 428
FSM 429
FSM 430
FSM 431
FSM 432
FSM 433
FSM 434
FSM 435
FSM 436
FSM 437
FSM 438
FSM 439
FSM 440
FSM 441
FSM 442
FSM 443
FSM 444
FSM 445
FSM 446
FSM 447
FSM 448
FSM 449
FSM 450
FSM 451
FSM 452
FSM 453
FSM 454
FSM 455
FSM 456
FSM 457
FSM 458
FSM 459
FSM 460
FSM 461
FSM 462
FSM 463
FSM 464
FSM 465
FSM 466
FSM 467
FSM 468
FSM 469
FSM 470
FSM 471
FSM 472
FSM 473
FSM 474
FSM 475
FSM 476
FSM 477
FSM 478
FSM 479
FSM 480
FSM 481
FSM 482
FSM 483
FSM 484
FSM 485
FSM 486
FSM 487
FSM 488
FSM 489
FSM 490
FSM 491
FSM 492
FSM 493
FSM 494
FSM 495
FSM 496
FSM 497
FSM 498
FSM 499
FSM 500
test 1
FSM 1
FSM 2
FSM 3
FSM 4
FSM 5
FSM 6
FSM 7
FSM 8
FSM 9
FSM 10
FSM 11
FSM 12
FSM 13
FSM 14
FSM 15
FSM 16
FSM 17
FSM 18
FSM 19
FSM 20
FSM 21
FSM 22
FSM 23
FSM 24
FSM 25
FSM 26
FSM 27
FSM 28
FSM 29
FSM 30
FSM 31
FSM 32
FSM 33
FSM 34
FSM 35
FSM 36
FSM 37
FSM 38
FSM 39
FSM 40
FSM 41
FSM 42
FSM 43
FSM 44
FSM 45
FSM 46
FSM 47
FSM 48
FSM 49
FSM 50
FSM 51
FSM 52
FSM 53
FSM 54
FSM 55
FSM 56
FSM 57
FSM 58
FSM 59
FSM 60
FSM 61
FSM 62
FSM 63
FSM 64
FSM 65
FSM 66
FSM 67
FSM 68
FSM 69
FSM 70
FSM 71
FSM 72
FSM 73
FSM 74
FSM 75
FSM 76
FSM 77
FSM 78
FSM 79
FSM 80
FSM 81
FSM 82
FSM 83
FSM 84
FSM 85
FSM 86
FSM 87
FSM 88
FSM 89
FSM 90
FSM 91
FSM 92
FSM 93
FSM 94
FSM 95
FSM 96
FSM 97
FSM 98
FSM 99
FSM 100
FSM 101
FSM 102
FSM 103
FSM 104
FSM 105
FSM 106
FSM 107
FSM 108
FSM 109
FSM 110
FSM 111
FSM 112
FSM 113
FSM 114
FSM 115
FSM 116
FSM 117
FSM 118
FSM 119
FSM 120
FSM 121
FSM 122
FSM 123
FSM 124
FSM 125
FSM 126
FSM 127
FSM 128
FSM 129
FSM 130
FSM 131
FSM 132
FSM 133
FSM 134
FSM 135
FSM 136
FSM 137
FSM 138
FSM 139
FSM 140
FSM 141
FSM 142
FSM 143
FSM 144
FSM 145
FSM 146
FSM 147
FSM 148
FSM 149
FSM 150
FSM 151
FSM 152
FSM 153
FSM 154
FSM 155
FSM 156
FSM 157
FSM 158
FSM 159
FSM 160
FSM 161
FSM 162
FSM 163
FSM 164
FSM 165
FSM 166
FSM 167
FSM 168
FSM 169
FSM 170
FSM 171
FSM 172
FSM 173
FSM 174
FSM 175
FSM 176
FSM 177
FSM 178
FSM 179
FSM 180
FSM 181
FSM 182
FSM 183
FSM 184
FSM 185
FSM 186
FSM 187
FSM 188
FSM 189
FSM 190
FSM 191
FSM 192
FSM 193
FSM 194
FSM 195
FSM 196
FSM 197
FSM 198
FSM 199
FSM 200
FSM 201
FSM 202
FSM 203
FSM 204
FSM 205
FSM 206
FSM 207
FSM 208
FSM 209
FSM 210
FSM 211
FSM 212
FSM 213
FSM 214
FSM 215
FSM 216
FSM 217
FSM 218
FSM 219
FSM 220
FSM 221
FSM 222
FSM 223
FSM 224
FSM 225
FSM 226
FSM 227
FSM 228
FSM 229
FSM 230
FSM 231
FSM 232
FSM 233
FSM 234
FSM 235
FSM 236
FSM 237
FSM 238
FSM 239
FSM 240
FSM 241
FSM 242
FSM 243
FSM 244
FSM 245
FSM 246
FSM 247
FSM 248
FSM 249
FSM 250
FSM 251
FSM 252
FSM 253
FSM 254
FSM 255
FSM 256
FSM 257
FSM 258
FSM 259
FSM 260
FSM 261
FSM 262
FSM 263
FSM 264
FSM 265
FSM 266
FSM 267
FSM 268
FSM 269
FSM 270
FSM 271
FSM 272
FSM 273
FSM 274
FSM 275
FSM 276
FSM 277
FSM 278
FSM 279
FSM 280
FSM 281
FSM 282
FSM 283
FSM 284
FSM 285
FSM 286
FSM 287
FSM 288
FSM 289
FSM 290
FSM 291
FSM 292
FSM 293
FSM 294
FSM 295
FSM 296
FSM 297
FSM 298
FSM 299
FSM 300
FSM 301
FSM 302
FSM 303
FSM 304
FSM 305
FSM 306
FSM 307
FSM 308
FSM 309
FSM 310
FSM 311
FSM 312
FSM 313
FSM 314
FSM 315
FSM 316
FSM 317
FSM 318
FSM 319
FSM 320
FSM 321
FSM 322
FSM 323
FSM 324
FSM 325
FSM 326
FSM 327
FSM 328
FSM 329
FSM 330
FSM 331
FSM 332
FSM 333
FSM 334
FSM 335
FSM 336
FSM 337
FSM 338
FSM 339
FSM 340
FSM 341
FSM 342
FSM 343
FSM 344
FSM 345
FSM 346
FSM 347
FSM 348
FSM 349
FSM 350
FSM 351
FSM 352
FSM 353
FSM 354
FSM 355
FSM 356
FSM 357
FSM 358
FSM 359
FSM 360
FSM 361
FSM 362
FSM 363
FSM 364
FSM 365
FSM 366
FSM 367
FSM 368
FSM 369
FSM 370
FSM 371
FSM 372
FSM 373
FSM 374
FSM 375
FSM 376
FSM 377
FSM 378
FSM 379
FSM 380
FSM 381
FSM 382
FSM 383
FSM 384
FSM 385
FSM 386
FSM 387
FSM 388
FSM 389
FSM 390
FSM 391
FSM 392
FSM 393
FSM 394
FSM 395
FSM 396
FSM 397
FSM 398
FSM 399
FSM 400
FSM 401
FSM 402
FSM 403
FSM 404
FSM 405
FSM 406
FSM 407
FSM 408
FSM 409
FSM 410
FSM 411
FSM 412
FSM 413
FSM 414
FSM 415
FSM 416
FSM 417
FSM 418
FSM 419
FSM 420
FSM 421
FSM 422
FSM 423
FSM 424
FSM 425
FSM 426
FSM 427
FSM 428
FSM 429
FSM 430
FSM 431
FSM 432
FSM 433
FSM 434
FSM 435
FSM 436
FSM 437
FSM 438
FSM 439
FSM 440
FSM 441
FSM 442
FSM 443
FSM 444
FSM 445
FSM 446
FSM 447
FSM 448
FSM 449
FSM 450
FSM 451
FSM 452
FSM 453
FSM 454
FSM 455
FSM 456
FSM 457
FSM 458
FSM 459
FSM 460
FSM 461
FSM 462
FSM 463
FSM 464
FSM 465
FSM 466
FSM 467
FSM 468
FSM 469
FSM 470
FSM 471
FSM 472
FSM 473
FSM 474
FSM 475
FSM 476
FSM 477
FSM 478
FSM 479
FSM 480
FSM 481
FSM 482
FSM 483
FSM 484
FSM 485
FSM 486
FSM 487
FSM 488
FSM 489
FSM 490
FSM 491
FSM 492
FSM 493
FSM 494
FSM 495
FSM 496
FSM 497
FSM 498
FSM 499
FSM 500
test 1
FSM 1
FSM 2
FSM 3
FSM 4
FSM 5
FSM 6
FSM 7
FSM 8
FSM 9
FSM 10
FSM 11
FSM 12
FSM 13
FSM 14
FSM 15
FSM 16
FSM 17
FSM 18
FSM 19
FSM 20
FSM 21
FSM 22
FSM 23
FSM 24
FSM 25
FSM 26
FSM 27
FSM 28
FSM 29
FSM 30
FSM 31
FSM 32
FSM 33
FSM 34
FSM 35
FSM 36
FSM 37
FSM 38
FSM 39
FSM 40
FSM 41
FSM 42
FSM 43
FSM 44
FSM 45
FSM 46
FSM 47
FSM 48
FSM 49
FSM 50
FSM 51
FSM 52
FSM 53
FSM 54
FSM 55
FSM 56
FSM 57
FSM 58
FSM 59
FSM 60
FSM 61
FSM 62
FSM 63
FSM 64
FSM 65
FSM 66
FSM 67
FSM 68
FSM 69
FSM 70
FSM 71
FSM 72
FSM 73
FSM 74
FSM 75
FSM 76
FSM 77
FSM 78
FSM 79
FSM 80
FSM 81
FSM 82
FSM 83
FSM 84
FSM 85
FSM 86
FSM 87
FSM 88
FSM 89
FSM 90
FSM 91
FSM 92
FSM 93
FSM 94
FSM 95
FSM 96
FSM 97
FSM 98
FSM 99
FSM 100
FSM 101
FSM 102
FSM 103
FSM 104
FSM 105
FSM 106
FSM 107
FSM 108
FSM 109
FSM 110
FSM 111
FSM 112
FSM 113
FSM 114
FSM 115
FSM 116
FSM 117
FSM 118
FSM 119
FSM 120
FSM 121
FSM 122
FSM 123
FSM 124
FSM 125
FSM 126
FSM 127
FSM 128
FSM 129
FSM 130
FSM 131
FSM 132
FSM 133
FSM 134
FSM 135
FSM 136
FSM 137
FSM 138
FSM 139
FSM 140
FSM 141
FSM 142
FSM 143
FSM 144
FSM 145
FSM 146
FSM 147
FSM 148
FSM 149
FSM 150
FSM 151
FSM 152
FSM 153
FSM 154
FSM 155
FSM 156
FSM 157
FSM 158
FSM 159
FSM 160
FSM 161
FSM 162
FSM 163
FSM 164
FSM 165
FSM 166
FSM 167
FSM 168
FSM 169
FSM 170
FSM 171
FSM 172
FSM 173
FSM 174
FSM 175
FSM 176
FSM 177
FSM 178
FSM 179
FSM 180
FSM 181
FSM 182
FSM 183
FSM 184
FSM 185
FSM 186
FSM 187
FSM 188
FSM 189
FSM 190
FSM 191
FSM 192
FSM 193
FSM 194
FSM 195
FSM 196
FSM 197
FSM 198
FSM 199
FSM 200
FSM 201
FSM 202
FSM 203
FSM 204
FSM 205
FSM 206
FSM 207
FSM 208
FSM 209
FSM 210
FSM 211
FSM 212
FSM 213
FSM 214
FSM 215
FSM 216
FSM 217
FSM 218
FSM 219
FSM 220
FSM 221
FSM 222
FSM 223
FSM 224
FSM 225
FSM 226
FSM 227
FSM 228
FSM 229
FSM 230
FSM 231
FSM 232
FSM 233
FSM 234
FSM 235
FSM 236
FSM 237
FSM 238
FSM 239
FSM 240
FSM 241
FSM 242
FSM 243
FSM 244
FSM 245
FSM 246
FSM 247
FSM 248
FSM 249
FSM 250
FSM 251
FSM 252
FSM 253
FSM 254
FSM 255
FSM 256
FSM 257
FSM 258
FSM 259
FSM 260
FSM 261
FSM 262
FSM 263
FSM 264
FSM 265
FSM 266
FSM 267
FSM 268
FSM 269
FSM 270
FSM 271
FSM 272
FSM 273
FSM 274
FSM 275
FSM 276
FSM 277
FSM 278
FSM 279
FSM 280
FSM 281
FSM 282
FSM 283
FSM 284
FSM 285
FSM 286
FSM 287
FSM 288
FSM 289
FSM 290
FSM 291
FSM 292
FSM 293
FSM 294
FSM 295
FSM 296
FSM 297
FSM 298
FSM 299
FSM 300
FSM 301
FSM 302
FSM 303
FSM 304
FSM 305
FSM 306
FSM 307
FSM 308
FSM 309
FSM 310
FSM 311
FSM 312
FSM 313
FSM 314
FSM 315
FSM 316
FSM 317
FSM 318
FSM 319
FSM 320
FSM 321
FSM 322
FSM 323
FSM 324
FSM 325
FSM 326
FSM 327
FSM 328
FSM 329
FSM 330
FSM 331
FSM 332
FSM 333
FSM 334
FSM 335
FSM 336
FSM 337
FSM 338
FSM 339
FSM 340
FSM 341
FSM 342
FSM 343
FSM 344
FSM 345
FSM 346
FSM 347
FSM 348
FSM 349
FSM 350
FSM 351
FSM 352
FSM 353
FSM 354
FSM 355
FSM 356
FSM 357
FSM 358
FSM 359
FSM 360
FSM 361
FSM 362
FSM 363
FSM 364
FSM 365
FSM 366
FSM 367
FSM 368
FSM 369
FSM 370
FSM 371
FSM 372
FSM 373
FSM 374
FSM 375
FSM 376
FSM 377
FSM 378
FSM 379
FSM 380
FSM 381
FSM 382
FSM 383
FSM 384
FSM 385
FSM 386
FSM 387
FSM 388
FSM 389
FSM 390
FSM 391
FSM 392
FSM 393
FSM 394
FSM 395
FSM 396
FSM 397
FSM 398
FSM 399
FSM 400
FSM 401
FSM 402
FSM 403
FSM 404
FSM 405
FSM 406
FSM 407
FSM 408
FSM 409
FSM 410
FSM 411
FSM 412
FSM 413
FSM 414
FSM 415
FSM 416
FSM 417
FSM 418
FSM 419
FSM 420
FSM 421
FSM 422
FSM 423
FSM 424
FSM 425
FSM 426
FSM 427
FSM 428
FSM 429
FSM 430
FSM 431
FSM 432
FSM 433
FSM 434
FSM 435
FSM 436
FSM 437
FSM 438
FSM 439
FSM 440
FSM 441
FSM 442
FSM 443
FSM 444
FSM 445
FSM 446
FSM 447
FSM 448
FSM 449
FSM 450
FSM 451
FSM 452
FSM 453
FSM 454
FSM 455
FSM 456
FSM 457
FSM 458
FSM 459
FSM 460
FSM 461
FSM 462
FSM 463
FSM 464
FSM 465
FSM 466
FSM 467
FSM 468
FSM 469
FSM 470
FSM 471
FSM 472
FSM 473
FSM 474
FSM 475
FSM 476
FSM 477
FSM 478
FSM 479
FSM 480
FSM 481
FSM 482
FSM 483
FSM 484
FSM 485
FSM 486
FSM 487
FSM 488
FSM 489
FSM 490
FSM 491
FSM 492
FSM 493
FSM 494
FSM 495
FSM 496
FSM 497
FSM 498
FSM 499
FSM 500
test 1
FSM 1
FSM 2
FSM 3
FSM 4
FSM 5
FSM 6
FSM 7
FSM 8
FSM 9
FSM 10
FSM 11
FSM 12
FSM 13
FSM 14
FSM 15
FSM 16
FSM 17
FSM 18
FSM 19
FSM 20
FSM 21
FSM 22
FSM 23
FSM 24
FSM 25
FSM 26
FSM 27
FSM 28
FSM 29
FSM 30
FSM 31
FSM 32
FSM 33
FSM 34
FSM 35
FSM 36
FSM 37
FSM 38
FSM 39
FSM 40
FSM 41
FSM 42
FSM 43
FSM 44
FSM 45
FSM 46
FSM 47
FSM 48
FSM 49
FSM 50
FSM 51
FSM 52
FSM 53
FSM 54
FSM 55
FSM 56
FSM 57
FSM 58
FSM 59
FSM 60
FSM 61
FSM 62
FSM 63
FSM 64
FSM 65
FSM 66
FSM 67
FSM 68
FSM 69
FSM 70
FSM 71
FSM 72
FSM 73
FSM 74
FSM 75
FSM 76
FSM 77
FSM 78
FSM 79
FSM 80
FSM 81
FSM 82
FSM 83
FSM 84
FSM 85
FSM 86
FSM 87
FSM 88
FSM 89
FSM 90
FSM 91
FSM 92
FSM 93
FSM 94
FSM 95
FSM 96
FSM 97
FSM 98
FSM 99
FSM 100
FSM 101
FSM 102
FSM 103
FSM 104
FSM 105
FSM 106
FSM 107
FSM 108
FSM 109
FSM 110
FSM 111
FSM 112
FSM 113
FSM 114
FSM 115
FSM 116
FSM 117
FSM 118
FSM 119
FSM 120
FSM 121
FSM 122
FSM 123
FSM 124
FSM 125
FSM 126
FSM 127
FSM 128
FSM 129
FSM 130
FSM 131
FSM 132
FSM 133
FSM 134
FSM 135
FSM 136
FSM 137
FSM 138
FSM 139
FSM 140
FSM 141
FSM 142
FSM 143
FSM 144
FSM 145
FSM 146
FSM 147
FSM 148
FSM 149
FSM 150
FSM 151
FSM 152
FSM 153
FSM 154
FSM 155
FSM 156
FSM 157
FSM 158
FSM 159
FSM 160
FSM 161
FSM 162
FSM 163
FSM 164
FSM 165
FSM 166
FSM 167
FSM 168
FSM 169
FSM 170
FSM 171
FSM 172
FSM 173
FSM 174
FSM 175
FSM 176
FSM 177
FSM 178
FSM 179
FSM 180
FSM 181
FSM 182
FSM 183
FSM 184
FSM 185
FSM 186
FSM 187
FSM 188
FSM 189
FSM 190
FSM 191
FSM 192
FSM 193
FSM 194
FSM 195
FSM 196
FSM 197
FSM 198
FSM 199
FSM 200
FSM 201
FSM 202
FSM 203
FSM 204
FSM 205
FSM 206
FSM 207
FSM 208
FSM 209
FSM 210
FSM 211
FSM 212
FSM 213
FSM 214
FSM 215
FSM 216
FSM 217
FSM 218
FSM 219
FSM 220
FSM 221
FSM 222
FSM 223
FSM 224
FSM 225
FSM 226
FSM 227
FSM 228
FSM 229
FSM 230
FSM 231
FSM 232
FSM 233
FSM 234
FSM 235
FSM 236
FSM 237
FSM 238
FSM 239
FSM 240
FSM 241
FSM 242
FSM 243
FSM 244
FSM 245
FSM 246
FSM 247
FSM 248
FSM 249
FSM 250
FSM 251
FSM 252
FSM 253
FSM 254
FSM 255
FSM 256
FSM 257
FSM 258
FSM 259
FSM 260
FSM 261
FSM 262
FSM 263
FSM 264
FSM 265
FSM 266
FSM 267
FSM 268
FSM 269
FSM 270
FSM 271
FSM 272
FSM 273
FSM 274
FSM 275
FSM 276
FSM 277
FSM 278
FSM 279
FSM 280
FSM 281
FSM 282
FSM 283
FSM 284
FSM 285
FSM 286
FSM 287
FSM 288
FSM 289
FSM 290
FSM 291
FSM 292
FSM 293
FSM 294
FSM 295
FSM 296
FSM 297
FSM 298
FSM 299
FSM 300
FSM 301
FSM 302
FSM 303
FSM 304
FSM 305
FSM 306
FSM 307
FSM 308
FSM 309
FSM 310
FSM 311
FSM 312
FSM 313
FSM 314
FSM 315
FSM 316
FSM 317
FSM 318
FSM 319
FSM 320
FSM 321
FSM 322
FSM 323
FSM 324
FSM 325
FSM 326
FSM 327
FSM 328
FSM 329
FSM 330
FSM 331
FSM 332
FSM 333
FSM 334
FSM 335
FSM 336
FSM 337
FSM 338
FSM 339
FSM 340
FSM 341
FSM 342
FSM 343
FSM 344
FSM 345
FSM 346
FSM 347
FSM 348
FSM 349
FSM 350
FSM 351
FSM 352
FSM 353
FSM 354
FSM 355
FSM 356
FSM 357
FSM 358
FSM 359
FSM 360
FSM 361
FSM 362
FSM 363
FSM 364
FSM 365
FSM 366
FSM 367
FSM 368
FSM 369
FSM 370
FSM 371
FSM 372
FSM 373
FSM 374
FSM 375
FSM 376
FSM 377
FSM 378
FSM 379
FSM 380
FSM 381
FSM 382
FSM 383
FSM 384
FSM 385
FSM 386
FSM 387
FSM 388
FSM 389
FSM 390
FSM 391
FSM 392
FSM 393
FSM 394
FSM 395
FSM 396
FSM 397
FSM 398
FSM 399
FSM 400
FSM 401
FSM 402
FSM 403
FSM 404
FSM 405
FSM 406
FSM 407
FSM 408
FSM 409
FSM 410
FSM 411
FSM 412
FSM 413
FSM 414
FSM 415
FSM 416
FSM 417
FSM 418
FSM 419
FSM 420
FSM 421
FSM 422
FSM 423
FSM 424
FSM 425
FSM 426
FSM 427
FSM 428
FSM 429
FSM 430
FSM 431
FSM 432
FSM 433
FSM 434
FSM 435
FSM 436
FSM 437
FSM 438
FSM 439
FSM 440
FSM 441
FSM 442
FSM 443
FSM 444
FSM 445
FSM 446
FSM 447
FSM 448
FSM 449
FSM 450
FSM 451
FSM 452
FSM 453
FSM 454
FSM 455
FSM 456
FSM 457
FSM 458
FSM 459
FSM 460
FSM 461
FSM 462
FSM 463
FSM 464
FSM 465
FSM 466
FSM 467
FSM 468
FSM 469
FSM 470
FSM 471
FSM 472
FSM 473
FSM 474
FSM 475
FSM 476
FSM 477
FSM 478
FSM 479
FSM 480
FSM 481
FSM 482
FSM 483
FSM 484
FSM 485
FSM 486
FSM 487
FSM 488
FSM 489
FSM 490
FSM 491
FSM 492
FSM 493
FSM 494
FSM 495
FSM 496
FSM 497
FSM 498
FSM 499
FSM 500
test 1
FSM 1
FSM 2
FSM 3
FSM 4
FSM 5
FSM 6
FSM 7
FSM 8
FSM 9
FSM 10
FSM 11
FSM 12
FSM 13
FSM 14
FSM 15
FSM 16
FSM 17
FSM 18
FSM 19
FSM 20
FSM 21
FSM 22
FSM 23
FSM 24
FSM 25
FSM 26
FSM 27
FSM 28
FSM 29
FSM 30
FSM 31
FSM 32
FSM 33
FSM 34
FSM 35
FSM 36
FSM 37
FSM 38
FSM 39
FSM 40
FSM 41
FSM 42
FSM 43
FSM 44
FSM 45
FSM 46
FSM 47
FSM 48
FSM 49
FSM 50
FSM 51
FSM 52
FSM 53
FSM 54
FSM 55
FSM 56
FSM 57
FSM 58
FSM 59
FSM 60
FSM 61
FSM 62
FSM 63
FSM 64
FSM 65
FSM 66
FSM 67
FSM 68
FSM 69
FSM 70
FSM 71
FSM 72
FSM 73
FSM 74
FSM 75
FSM 76
FSM 77
FSM 78
FSM 79
FSM 80
FSM 81
FSM 82
FSM 83
FSM 84
FSM 85
FSM 86
FSM 87
FSM 88
FSM 89
FSM 90
FSM 91
FSM 92
FSM 93
FSM 94
FSM 95
FSM 96
FSM 97
FSM 98
FSM 99
FSM 100
FSM 101
FSM 102
FSM 103
FSM 104
FSM 105
FSM 106
FSM 107
FSM 108
FSM 109
FSM 110
FSM 111
FSM 112
FSM 113
FSM 114
FSM 115
FSM 116
FSM 117
FSM 118
FSM 119
FSM 120
FSM 121
FSM 122
FSM 123
FSM 124
FSM 125
FSM 126
FSM 127
FSM 128
FSM 129
FSM 130
FSM 131
FSM 132
FSM 133
FSM 134
FSM 135
FSM 136
FSM 137
FSM 138
FSM 139
FSM 140
FSM 141
FSM 142
FSM 143
FSM 144
FSM 145
FSM 146
FSM 147
FSM 148
FSM 149
FSM 150
FSM 151
FSM 152
FSM 153
FSM 154
FSM 155
FSM 156
FSM 157
FSM 158
FSM 159
FSM 160
FSM 161
FSM 162
FSM 163
FSM 164
FSM 165
FSM 166
FSM 167
FSM 168
FSM 169
FSM 170
FSM 171
FSM 172
FSM 173
FSM 174
FSM 175
FSM 176
FSM 177
FSM 178
FSM 179
FSM 180
FSM 181
FSM 182
FSM 183
FSM 184
FSM 185
FSM 186
FSM 187
FSM 188
FSM 189
FSM 190
FSM 191
FSM 192
FSM 193
FSM 194
FSM 195
FSM 196
FSM 197
FSM 198
FSM 199
FSM 200
FSM 201
FSM 202
FSM 203
FSM 204
FSM 205
FSM 206
FSM 207
FSM 208
FSM 209
FSM 210
FSM 211
FSM 212
FSM 213
FSM 214
FSM 215
FSM 216
FSM 217
FSM 218
FSM 219
FSM 220
FSM 221
FSM 222
FSM 223
FSM 224
FSM 225
FSM 226
FSM 227
FSM 228
FSM 229
FSM 230
FSM 231
FSM 232
FSM 233
FSM 234
FSM 235
FSM 236
FSM 237
FSM 238
FSM 239
FSM 240
FSM 241
FSM 242
FSM 243
FSM 244
FSM 245
FSM 246
FSM 247
FSM 248
FSM 249
FSM 250
FSM 251
FSM 252
FSM 253
FSM 254
FSM 255
FSM 256
FSM 257
FSM 258
FSM 259
FSM 260
FSM 261
FSM 262
FSM 263
FSM 264
FSM 265
FSM 266
FSM 267
FSM 268
FSM 269
FSM 270
FSM 271
FSM 272
FSM 273
FSM 274
FSM 275
FSM 276
FSM 277
FSM 278
FSM 279
FSM 280
FSM 281
FSM 282
FSM 283
FSM 284
FSM 285
FSM 286
FSM 287
FSM 288
FSM 289
FSM 290
FSM 291
FSM 292
FSM 293
FSM 294
FSM 295
FSM 296
FSM 297
FSM 298
FSM 299
FSM 300
FSM 301
FSM 302
FSM 303
FSM 304
FSM 305
FSM 306
FSM 307
FSM 308
FSM 309
FSM 310
FSM 311
FSM 312
FSM 313
FSM 314
FSM 315
FSM 316
FSM 317
FSM 318
FSM 319
FSM 320
FSM 321
FSM 322
FSM 323
FSM 324
FSM 325
FSM 326
FSM 327
FSM 328
FSM 329
FSM 330
FSM 331
FSM 332
FSM 333
FSM 334
FSM 335
FSM 336
FSM 337
FSM 338
FSM 339
FSM 340
FSM 341
FSM 342
FSM 343
FSM 344
FSM 345
FSM 346
FSM 347
FSM 348
FSM 349
FSM 350
FSM 351
FSM 352
FSM 353
FSM 354
FSM 355
FSM 356
FSM 357
FSM 358
FSM 359
FSM 360
FSM 361
FSM 362
FSM 363
FSM 364
FSM 365
FSM 366
FSM 367
FSM 368
FSM 369
FSM 370
FSM 371
FSM 372
FSM 373
FSM 374
FSM 375
FSM 376
FSM 377
FSM 378
FSM 379
FSM 380
FSM 381
FSM 382
FSM 383
FSM 384
FSM 385
FSM 386
FSM 387
FSM 388
FSM 389
FSM 390
FSM 391
FSM 392
FSM 393
FSM 394
FSM 395
FSM 396
FSM 397
FSM 398
FSM 399
FSM 400
FSM 401
FSM 402
FSM 403
FSM 404
FSM 405
FSM 406
FSM 407
FSM 408
FSM 409
FSM 410
FSM 411
FSM 412
FSM 413
FSM 414
FSM 415
FSM 416
FSM 417
FSM 418
FSM 419
FSM 420
FSM 421
FSM 422
FSM 423
FSM 424
FSM 425
FSM 426
FSM 427
FSM 428
FSM 429
FSM 430
FSM 431
FSM 432
FSM 433
FSM 434
FSM 435
FSM 436
FSM 437
FSM 438
FSM 439
FSM 440
FSM 441
FSM 442
FSM 443
FSM 444
FSM 445
FSM 446
FSM 447
FSM 448
FSM 449
FSM 450
FSM 451
FSM 452
FSM 453
FSM 454
FSM 455
FSM 456
FSM 457
FSM 458
FSM 459
FSM 460
FSM 461
FSM 462
FSM 463
FSM 464
FSM 465
FSM 466
FSM 467
FSM 468
FSM 469
FSM 470
FSM 471
FSM 472
FSM 473
FSM 474
FSM 475
FSM 476
FSM 477
FSM 478
FSM 479
FSM 480
FSM 481
FSM 482
FSM 483
FSM 484
FSM 485
FSM 486
FSM 487
FSM 488
FSM 489
FSM 490
FSM 491
FSM 492
FSM 493
FSM 494
FSM 495
FSM 496
FSM 497
FSM 498
FSM 499
FSM 500
test 1
FSM 1
FSM 2
FSM 3
FSM 4
FSM 5
FSM 6
FSM 7
FSM 8
FSM 9
FSM 10
FSM 11
FSM 12
FSM 13
FSM 14
FSM 15
FSM 16
FSM 17
FSM 18
FSM 19
FSM 20
FSM 21
FSM 22
FSM 23
FSM 24
FSM 25
FSM 26
FSM 27
FSM 28
FSM 29
FSM 30
FSM 31
FSM 32
FSM 33
FSM 34
FSM 35
FSM 36
FSM 37
FSM 38
FSM 39
FSM 40
FSM 41
FSM 42
FSM 43
FSM 44
FSM 45
FSM 46
FSM 47
FSM 48
FSM 49
FSM 50
FSM 51
FSM 52
FSM 53
FSM 54
FSM 55
FSM 56
FSM 57
FSM 58
FSM 59
FSM 60
FSM 61
FSM 62
FSM 63
FSM 64
FSM 65
FSM 66
FSM 67
FSM 68
FSM 69
FSM 70
FSM 71
FSM 72
FSM 73
FSM 74
FSM 75
FSM 76
FSM 77
FSM 78
FSM 79
FSM 80
FSM 81
FSM 82
FSM 83
FSM 84
FSM 85
FSM 86
FSM 87
FSM 88
FSM 89
FSM 90
FSM 91
FSM 92
FSM 93
FSM 94
FSM 95
FSM 96
FSM 97
FSM 98
FSM 99
FSM 100
FSM 101
FSM 102
FSM 103
FSM 104
FSM 105
FSM 106
FSM 107
FSM 108
FSM 109
FSM 110
FSM 111
FSM 112
FSM 113
FSM 114
FSM 115
FSM 116
FSM 117
FSM 118
FSM 119
FSM 120
FSM 121
FSM 122
FSM 123
FSM 124
FSM 125
FSM 126
FSM 127
FSM 128
FSM 129
FSM 130
FSM 131
FSM 132
FSM 133
FSM 134
FSM 135
FSM 136
FSM 137
FSM 138
FSM 139
FSM 140
FSM 141
FSM 142
FSM 143
FSM 144
FSM 145
FSM 146
FSM 147
FSM 148
FSM 149
FSM 150
FSM 151
FSM 152
FSM 153
FSM 154
FSM 155
FSM 156
FSM 157
FSM 158
FSM 159
FSM 160
FSM 161
FSM 162
FSM 163
FSM 164
FSM 165
FSM 166
FSM 167
FSM 168
FSM 169
FSM 170
FSM 171
FSM 172
FSM 173
FSM 174
FSM 175
FSM 176
FSM 177
FSM 178
FSM 179
FSM 180
FSM 181
FSM 182
FSM 183
FSM 184
FSM 185
FSM 186
FSM 187
FSM 188
FSM 189
FSM 190
FSM 191
FSM 192
FSM 193
FSM 194
FSM 195
FSM 196
FSM 197
FSM 198
FSM 199
FSM 200
FSM 201
FSM 202
FSM 203
FSM 204
FSM 205
FSM 206
FSM 207
FSM 208
FSM 209
FSM 210
FSM 211
FSM 212
FSM 213
FSM 214
FSM 215
FSM 216
FSM 217
FSM 218
FSM 219
FSM 220
FSM 221
FSM 222
FSM 223
FSM 224
FSM 225
FSM 226
FSM 227
FSM 228
FSM 229
FSM 230
FSM 231
FSM 232
FSM 233
FSM 234
FSM 235
FSM 236
FSM 237
FSM 238
FSM 239
FSM 240
FSM 241
FSM 242
FSM 243
FSM 244
FSM 245
FSM 246
FSM 247
FSM 248
FSM 249
FSM 250
FSM 251
FSM 252
FSM 253
FSM 254
FSM 255
FSM 256
FSM 257
FSM 258
FSM 259
FSM 260
FSM 261
FSM 262
FSM 263
FSM 264
FSM 265
FSM 266
FSM 267
FSM 268
FSM 269
FSM 270
FSM 271
FSM 272
FSM 273
FSM 274
FSM 275
FSM 276
FSM 277
FSM 278
FSM 279
FSM 280
FSM 281
FSM 282
FSM 283
FSM 284
FSM 285
FSM 286
FSM 287
FSM 288
FSM 289
FSM 290
FSM 291
FSM 292
FSM 293
FSM 294
FSM 295
FSM 296
FSM 297
FSM 298
FSM 299
FSM 300
FSM 301
FSM 302
FSM 303
FSM 304
FSM 305
FSM 306
FSM 307
FSM 308
FSM 309
FSM 310
FSM 311
FSM 312
FSM 313
FSM 314
FSM 315
FSM 316
FSM 317
FSM 318
FSM 319
FSM 320
FSM 321
FSM 322
FSM 323
FSM 324
FSM 325
FSM 326
FSM 327
FSM 328
FSM 329
FSM 330
FSM 331
FSM 332
FSM 333
FSM 334
FSM 335
FSM 336
FSM 337
FSM 338
FSM 339
FSM 340
FSM 341
FSM 342
FSM 343
FSM 344
FSM 345
FSM 346
FSM 347
FSM 348
FSM 349
FSM 350
FSM 351
FSM 352
FSM 353
FSM 354
FSM 355
FSM 356
FSM 357
FSM 358
FSM 359
FSM 360
FSM 361
FSM 362
FSM 363
FSM 364
FSM 365
FSM 366
FSM 367
FSM 368
FSM 369
FSM 370
FSM 371
FSM 372
FSM 373
FSM 374
FSM 375
FSM 376
FSM 377
FSM 378
FSM 379
FSM 380
FSM 381
FSM 382
FSM 383
FSM 384
FSM 385
FSM 386
FSM 387
FSM 388
FSM 389
FSM 390
FSM 391
FSM 392
FSM 393
FSM 394
FSM 395
FSM 396
FSM 397
FSM 398
FSM 399
FSM 400
FSM 401
FSM 402
FSM 403
FSM 404
FSM 405
FSM 406
FSM 407
FSM 408
FSM 409
FSM 410
FSM 411
FSM 412
FSM 413
FSM 414
FSM 415
FSM 416
FSM 417
FSM 418
FSM 419
FSM 420
FSM 421
FSM 422
FSM 423
FSM 424
FSM 425
FSM 426
FSM 427
FSM 428
FSM 429
FSM 430
FSM 431
FSM 432
FSM 433
FSM 434
FSM 435
FSM 436
FSM 437
FSM 438
FSM 439
FSM 440
FSM 441
FSM 442
FSM 443
FSM 444
FSM 445
FSM 446
FSM 447
FSM 448
FSM 449
FSM 450
FSM 451
FSM 452
FSM 453
FSM 454
FSM 455
FSM 456
FSM 457
FSM 458
FSM 459
FSM 460
FSM 461
FSM 462
FSM 463
FSM 464
FSM 465
FSM 466
FSM 467
FSM 468
FSM 469
FSM 470
FSM 471
FSM 472
FSM 473
FSM 474
FSM 475
FSM 476
FSM 477
FSM 478
FSM 479
FSM 480
FSM 481
FSM 482
FSM 483
FSM 484
FSM 485
FSM 486
FSM 487
FSM 488
FSM 489
FSM 490
FSM 491
FSM 492
FSM 493
FSM 494
FSM 495
FSM 496
FSM 497
FSM 498
FSM 499
FSM 500
test 1
